Arguments: 
  C:\Program Files\nodejs\node.exe C:\Program Files (x86)\Yarn\bin\yarn.js add express cors mongodb dotenv

PATH: 
  C:\Users\NSC\bin;C:\Program Files\Git\mingw64\bin;C:\Program Files\Git\usr\local\bin;C:\Program Files\Git\usr\bin;C:\Program Files\Git\usr\bin;C:\Program Files\Git\mingw64\bin;C:\Program Files\Git\usr\bin;C:\Users\NSC\bin;C:\Windows\system32;C:\Windows;C:\Windows\System32\Wbem;C:\Windows\System32\WindowsPowerShell\v1.0;C:\Windows\System32\OpenSSH;C:\Program Files\Microsoft VS Code\bin;C:\Program Files\Git\cmd;C:\Program Files\nodejs;C:\Program Files\Cloudflare\Cloudflare WARP;C:\Program Files (x86)\Yarn\bin;C:\Users\NSC\AppData\Local\Microsoft\WindowsApps;C:\Users\NSC\AppData\Roaming\npm;C:\Users\NSC\AppData\Local\Yarn\bin;C:\Program Files\Git\usr\bin\vendor_perl;C:\Program Files\Git\usr\bin\core_perl

Yarn version: 
  1.22.19

Node version: 
  20.3.1

Platform: 
  win32 x64

Trace: 
  SyntaxError: C:\Web Devevelopment\Milstone 12\bistro-boss-server\package.json: Expected double-quoted property name in JSON at position 125
      at JSON.parse (<anonymous>)
      at C:\Program Files (x86)\Yarn\lib\cli.js:1629:59
      at Generator.next (<anonymous>)
      at step (C:\Program Files (x86)\Yarn\lib\cli.js:310:30)
      at C:\Program Files (x86)\Yarn\lib\cli.js:321:13

npm manifest: 
  {
    "name": "bistro-boss-server",
    "version": "1.0.0",
    "main": "index.js",
    "scripts": {
      "start": "node index.js",
    },
    "license": "MIT"
  }

yarn manifest: 
  No manifest

Lockfile: 
  No lockfile
